2025-02-14 21:11:40,891 - ERROR - Missing dependency: No module named 'astropy'
2025-02-14 21:11:40,891 - ERROR - Application error: Please install all required dependencies using 'pip install -r requirements.txt'
2025-02-14 21:11:40,892 - ERROR - Caused by: No module named 'astropy'
2025-02-14 21:11:40,892 - INFO - Application terminated
2025-02-14 21:14:24,029 - INFO - Initializing data manager...
2025-02-14 21:14:24,029 - WARNING - No cached simulation data found; simulation required.
2025-02-14 21:14:24,029 - INFO - Loaded cached simulation data
2025-02-14 21:14:24,029 - INFO - Launching GUI...
2025-02-14 21:17:12,733 - INFO - Initializing data manager...
2025-02-14 21:17:12,734 - WARNING - No cached simulation data found; simulation required.
2025-02-14 21:17:12,734 - INFO - Loaded cached simulation data
2025-02-14 21:17:12,734 - INFO - Launching GUI...
2025-02-14 21:17:23,769 - INFO - Habitable zone calculation completed successfully
2025-02-14 21:23:18,492 - INFO - Initializing data manager...
2025-02-14 21:23:18,492 - WARNING - No cached simulation data found; simulation required.
2025-02-14 21:23:18,492 - INFO - Loaded cached simulation data
2025-02-14 21:23:18,493 - INFO - Launching GUI...
2025-02-14 21:24:43,045 - INFO - Initializing data manager...
2025-02-14 21:24:43,046 - WARNING - No cached simulation data found; simulation required.
2025-02-14 21:24:43,046 - INFO - Loaded cached simulation data
2025-02-14 21:24:43,046 - INFO - Launching GUI...
2025-02-14 21:26:33,890 - INFO - Initializing data manager...
2025-02-14 21:26:33,890 - WARNING - No cached simulation data found; simulation required.
2025-02-14 21:26:33,890 - INFO - Loaded cached simulation data
2025-02-14 21:26:33,890 - INFO - Launching GUI...
2025-02-14 21:26:42,902 - INFO - Habitable zone calculation completed successfully
2025-02-14 21:26:52,873 - INFO - Habitable zone calculation completed successfully
2025-02-14 22:48:28,451 - INFO - Initializing data manager...
2025-02-14 22:48:28,451 - WARNING - No cached simulation data found; simulation required.
2025-02-14 22:48:28,451 - INFO - Loaded cached simulation data
2025-02-14 22:48:28,451 - INFO - Launching GUI...
2025-02-14 22:48:43,773 - INFO - Habitable zone calculation completed successfully
2025-02-14 22:50:25,588 - INFO - Habitable zone calculation completed successfully
